<?xml version="1.0" encoding="UTF-8"?>
<testng-results skipped="0" failed="0" total="1" passed="1">
  <reporter-output>
  </reporter-output>
  <suite name="Suite" duration-ms="10913" started-at="2018-11-27T05:30:58Z" finished-at="2018-11-27T05:31:09Z">
    <groups>
    </groups>
    <test name="Test" duration-ms="10913" started-at="2018-11-27T05:30:58Z" finished-at="2018-11-27T05:31:09Z">
      <class name="executionEngine.DriverScript">
        <test-method status="PASS" signature="ExecutionScript()[pri:0, instance:executionEngine.DriverScript@47f6473]" name="ExecutionScript" duration-ms="10907" started-at="2018-11-27T11:00:58Z" finished-at="2018-11-27T11:01:09Z">
          <reporter-output>
          </reporter-output>
        </test-method> <!-- ExecutionScript -->
      </class> <!-- executionEngine.DriverScript -->
    </test> <!-- Test -->
  </suite> <!-- Suite -->
</testng-results>
